2022-09-08 11:18:54,504 :INFO : test_login :Current_Url : https://user:pass@staging-hz.collegedekho.com/?magicflag=1
2022-09-08 11:19:02,697 :INFO : test_login :Response : 200
2022-09-08 11:19:06,852 :INFO : test_login :CTA : Talk to our Experts
2022-09-08 11:19:27,323 :INFO : test_login :Current_Url : https://user:pass@staging-hz.collegedekho.com/?magicflag=1
2022-09-08 11:19:33,226 :INFO : test_login :Response : 200
2022-09-08 11:19:37,365 :INFO : test_login :CTA : Talk to our Experts
2022-09-08 11:19:39,624 :INFO : test_login :Name : iyhhcn
2022-09-08 11:19:42,769 :INFO : test_login :Email : DRcacLi@gmail.com
2022-09-08 11:19:44,903 :INFO : test_login :Phone No : 7263951022
2022-09-08 11:19:45,116 :INFO : test_login :Pref Stream : Commerce and Banking
2022-09-08 11:19:49,321 :INFO : test_login :Pref Level : UG
2022-09-08 11:19:52,540 :INFO : test_login :State : Andaman and Nicobar
2022-09-08 11:19:55,738 :INFO : test_login :Board : ICSE/CBSE/IB
2022-09-08 11:20:02,932 :INFO : test_login :<mysql.connector.connection.MySQLConnection object at 0x7f4203073f28>
2022-09-08 11:20:05,772 :INFO : test_login :[913619]
2022-09-08 11:20:08,943 :INFO : test_login :Otp added successfully
2022-09-08 11:20:39,063 :INFO : test_login :Current_Url : https://user:pass@staging-hz.collegedekho.com/?magicflag=1
2022-09-08 11:20:44,665 :INFO : test_login :Response : 200
2022-09-08 11:20:48,787 :INFO : test_login :CTA : Talk to our Experts
2022-09-08 11:20:51,039 :INFO : test_login :Name : ojhhut
2022-09-08 11:20:54,195 :INFO : test_login :Email : qBHHkOV@gmail.com
2022-09-08 11:20:56,327 :INFO : test_login :Phone No : 9911978954
2022-09-08 11:20:56,545 :INFO : test_login :Pref Stream : Commerce and Banking
2022-09-08 11:21:00,759 :INFO : test_login :Pref Level : UG
2022-09-08 11:21:03,956 :INFO : test_login :State : Andaman and Nicobar
2022-09-08 11:21:07,156 :INFO : test_login :Board : ICSE/CBSE/IB
2022-09-08 11:21:14,350 :INFO : test_login :<mysql.connector.connection.MySQLConnection object at 0x7f277fcb4f28>
2022-09-08 11:21:17,018 :INFO : test_login :[430643]
2022-09-08 11:21:20,175 :INFO : test_login :Otp added successfully
2022-09-08 11:22:32,501 :INFO : test_login :Current_Url : https://user:pass@staging-hz.collegedekho.com/?magicflag=1
2022-09-08 11:22:38,102 :INFO : test_login :Response : 200
2022-09-08 11:22:42,244 :INFO : test_login :CTA : Talk to our Experts
2022-09-08 11:22:44,496 :INFO : test_login :Name : mqwcfn
2022-09-08 11:22:47,643 :INFO : test_login :Email : HHDZfxU@gmail.com
2022-09-08 11:22:49,802 :INFO : test_login :Phone No : 7452068429
2022-09-08 11:22:50,010 :INFO : test_login :Pref Stream : Commerce and Banking
2022-09-08 11:22:54,200 :INFO : test_login :Pref Level : UG
2022-09-08 11:22:57,388 :INFO : test_login :State : Andaman and Nicobar
2022-09-08 11:23:00,556 :INFO : test_login :Board : ICSE/CBSE/IB
2022-09-08 11:23:08,202 :INFO : test_login :<mysql.connector.connection.MySQLConnection object at 0x7f496f246e80>
2022-09-08 11:23:10,878 :INFO : test_login :[652424]
2022-09-08 11:23:14,043 :INFO : test_login :Otp added successfully
2022-09-08 11:25:02,154 :INFO : test_login :Current_Url : https://user:pass@staging-hz.collegedekho.com/?magicflag=1
2022-09-08 11:25:08,167 :INFO : test_login :Response : 200
2022-09-08 11:25:12,330 :INFO : test_login :CTA : Talk to our Experts
2022-09-08 11:25:14,575 :INFO : test_login :Name : johesy
2022-09-08 11:25:17,721 :INFO : test_login :Email : GYTILgv@gmail.com
2022-09-08 11:25:19,875 :INFO : test_login :Phone No : 7674114919
2022-09-08 11:25:20,087 :INFO : test_login :Pref Stream : Commerce and Banking
2022-09-08 11:25:24,299 :INFO : test_login :Pref Level : UG
2022-09-08 11:25:27,498 :INFO : test_login :State : Andaman and Nicobar
2022-09-08 11:25:30,682 :INFO : test_login :Board : ICSE/CBSE/IB
2022-09-08 11:25:38,395 :INFO : test_login :<mysql.connector.connection.MySQLConnection object at 0x7f30d964aba8>
2022-09-08 11:25:41,035 :INFO : test_login :[366497]
2022-09-08 11:25:44,217 :INFO : test_login :Otp added successfully
2022-09-08 11:27:09,667 :INFO : test_login :Current_Url : https://user:pass@staging-hz.collegedekho.com/?magicflag=1
2022-09-08 11:27:15,508 :INFO : test_login :Response : 200
2022-09-08 11:27:19,662 :INFO : test_login :CTA : Talk to our Experts
2022-09-08 11:27:21,924 :INFO : test_login :Name : bwyney
2022-09-08 11:27:25,078 :INFO : test_login :Email : RpnQKZD@gmail.com
2022-09-08 11:27:27,226 :INFO : test_login :Phone No : 7306906765
2022-09-08 11:27:27,444 :INFO : test_login :Pref Stream : Commerce and Banking
2022-09-08 11:27:31,663 :INFO : test_login :Pref Level : UG
2022-09-08 11:27:34,873 :INFO : test_login :State : Andaman and Nicobar
2022-09-08 11:27:38,071 :INFO : test_login :Board : ICSE/CBSE/IB
2022-09-08 11:27:45,203 :INFO : test_login :<mysql.connector.connection.MySQLConnection object at 0x7feb6b6bbb38>
2022-09-08 11:27:48,063 :INFO : test_login :[670511]
2022-09-08 11:27:51,235 :INFO : test_login :Otp added successfully
2022-09-08 11:31:09,195 :INFO : test_login :Current_Url : https://user:pass@staging-hz.collegedekho.com/?magicflag=1
2022-09-08 11:31:14,833 :INFO : test_login :Response : 200
2022-09-08 11:31:19,000 :INFO : test_login :CTA : Talk to our Experts
2022-09-08 11:31:21,252 :INFO : test_login :Name : hznodo
2022-09-08 11:31:24,397 :INFO : test_login :Email : ZIIumOB@gmail.com
2022-09-08 11:31:26,538 :INFO : test_login :Phone No : 6439160531
2022-09-08 11:31:26,765 :INFO : test_login :Pref Stream : Commerce and Banking
2022-09-08 11:31:30,982 :INFO : test_login :Pref Level : UG
2022-09-08 11:31:34,173 :INFO : test_login :State : Andaman and Nicobar
2022-09-08 11:31:37,371 :INFO : test_login :Board : ICSE/CBSE/IB
2022-09-08 11:31:44,706 :INFO : test_login :<mysql.connector.connection.MySQLConnection object at 0x7f3aea8199e8>
2022-09-08 11:31:47,337 :INFO : test_login :[977959]
2022-09-08 11:31:50,503 :INFO : test_login :Otp added successfully
2022-09-08 11:33:40,989 :INFO : test_login :Current_Url : https://user:pass@staging-hz.collegedekho.com/?magicflag=1
2022-09-08 11:33:46,589 :INFO : test_login :Response : 200
2022-09-08 11:33:50,740 :INFO : test_login :CTA : Talk to our Experts
2022-09-08 11:33:53,016 :INFO : test_login :Name : hjelyo
2022-09-08 11:33:56,170 :INFO : test_login :Email : IaccVeY@gmail.com
2022-09-08 11:33:58,326 :INFO : test_login :Phone No : 9932116525
2022-09-08 11:33:58,539 :INFO : test_login :Pref Stream : Commerce and Banking
2022-09-08 11:34:02,752 :INFO : test_login :Pref Level : UG
2022-09-08 11:34:05,950 :INFO : test_login :State : Andaman and Nicobar
2022-09-08 11:34:09,134 :INFO : test_login :Board : ICSE/CBSE/IB
2022-09-08 11:34:16,907 :INFO : test_login :<mysql.connector.connection.MySQLConnection object at 0x7f5cc7bd8f28>
2022-09-08 11:34:19,774 :INFO : test_login :[850350]
2022-09-08 11:34:22,951 :INFO : test_login :Otp added successfully
