2022-11-23 12:29:36,971 :INFO :Test_ExamDetail2 :******* Starting CTA Exam Detail*********
2022-11-23 12:29:43,972 :INFO :Test_ExamDetail2 :-------------------------
2022-11-23 12:29:43,977 :INFO :Test_ExamDetail2 :JEE Main 2022 Eligibility Criteria: Check Age Limit, Qualification, Attempts, FAQs
2022-11-23 12:29:45,997 :INFO :Test_ExamDetail2 :Current_Url : https://user:pass@staging-hz.collegedekho.com/exam/jee-main/registration-eligibility?magicflag=1
2022-11-23 12:29:50,637 :INFO :Test_ExamDetail2 :Response : 200
2022-11-23 12:29:54,714 :INFO :Xpath :CTA : Set Exam Alert
2022-11-23 12:30:00,929 :INFO :Test_ExamDetail2 :Name : Testtlztyl
2022-11-23 12:30:04,068 :INFO :Test_ExamDetail2 :Email : Test -YFvBceV@gmail.com
2022-11-23 12:30:06,185 :INFO :Test_ExamDetail2 :Phone No : 8454371131
2022-11-23 12:30:06,232 :INFO :Test_ExamDetail2 :Preferred Stream field not present
2022-11-23 12:30:10,268 :INFO :Test_ExamDetail2 :Preferred level field not present
2022-11-23 12:30:13,442 :INFO :Test_ExamDetail2 :State : Andaman and Nicobar
2022-11-23 12:30:16,605 :INFO :Test_ExamDetail2 :Budget : < INR 50K per annum
2022-11-23 12:30:19,631 :INFO :Test_ExamDetail2 :Board field not present
2022-11-23 12:30:25,659 :INFO :Test_ExamDetail2 :Whatsapp Enable button is present
2022-11-23 12:30:32,611 :INFO :Test_ExamDetail2 :<mysql.connector.connection.MySQLConnection object at 0x7f8281bd6080>
2022-11-23 12:30:35,125 :INFO :Test_ExamDetail2 :[586199, '8454371131']
2022-11-23 12:30:45,409 :INFO :Test_ExamDetail2 :Otp added successfully
2022-11-23 12:31:01,903 :INFO :Test_ExamDetail2 :<mysql.connector.connection.MySQLConnection object at 0x7f8281bc4780>
2022-11-23 12:31:20,861 :INFO :Test_ExamDetail2 :[8886613, '', datetime.datetime(2022, 11, 23, 12, 30, 48), 'test-yfvbcev@gmail.com', 'test-yfvbcev@gmail.com', 'testtlztyl', '', 0, 1, 0, datetime.datetime(2022, 11, 23, 12, 30, 30), None, '8454371131', None, 0, 0, 0, None, None, None, None, None, 1, None, None, 1, None, 0, None, None, None, None, None, None, None, None, 6, None, None, 0, None, None, None, 1, 0, None, None, 7, None, 0, None, 0, None, datetime.datetime(2022, 11, 23, 12, 30, 30, 302951), 1, None, None, None, 0, 0, None, None, None, None, None, None, 0, None, None, None, None, None, None, None, None, 'https://staging-hz.collegedekho.com/exam/jee-main/registration-eligibility?magicflag=1', None, None, 1, '20.0063', '77.006', 1, None, datetime.datetime(2022, 11, 23, 12, 30, 30, 52382), 2, None, None, 0, None, None, datetime.datetime(2022, 11, 23, 12, 30, 30, 61204), None, -1, 0, 0.0, None, 1, 1, None, 0, 10, None, None, None, None, None, None, 1, None, '49.43.42.42', None, 105, 0, None, None, 10, 22.0850341, 82.1387126, None, None, None, None, None, None, None, None, None, 1, '1F7EB773B', 0, None]
